<?xml version="1.0" encoding="UTF-8"?>
<!-- Generated by org.testng.reporters.JUnitXMLReporter -->
<testsuite ignored="0" hostname="LAPTOP-SJRN4F9M" failures="0" tests="12" name="Maven Testing" time="0.095" errors="0" timestamp="2020-07-08T20:34:48 IST">
  <testcase classname="com.qa.test.DemoTest" name="div" time="0.014"/>
  <testcase classname="com.qa.test.DemoTest" name="mul" time="0.0"/>
  <testcase classname="com.qa.test.DemoTest" name="sub" time="0.001"/>
  <testcase classname="com.qa.test.DemoTest" name="sum" time="0.0"/>
  <testcase classname="com.qa.test.DemoTest1" name="div" time="0.001"/>
  <testcase classname="com.qa.test.DemoTest1" name="mul" time="0.001"/>
  <testcase classname="com.qa.test.DemoTest1" name="sub" time="0.0"/>
  <testcase classname="com.qa.test.DemoTest1" name="sum" time="0.0"/>
  <testcase classname="com.qa.test.DemoTest2" name="div" time="0.001"/>
  <testcase classname="com.qa.test.DemoTest2" name="mul" time="0.0"/>
  <testcase classname="com.qa.test.DemoTest2" name="sub" time="0.001"/>
  <testcase classname="com.qa.test.DemoTest2" name="sum" time="0.001"/>
</testsuite> <!-- Maven Testing -->
