<?xml version="1.0" encoding="UTF-8"?>
<!-- Generated by org.testng.reporters.JUnitXMLReporter -->
<testsuite ignored="0" hostname="LAPTOP-SJRN4F9M" failures="0" tests="4" name="Default test" time="0.171" errors="0" timestamp="2020-07-07T22:28:53 IST">
  <testcase classname="com.qa.test.DemoTest" name="div" time="0.026"/>
  <testcase classname="com.qa.test.DemoTest" name="mul" time="0.002"/>
  <testcase classname="com.qa.test.DemoTest" name="sub" time="0.004"/>
  <testcase classname="com.qa.test.DemoTest" name="sum" time="0.003"/>
</testsuite> <!-- Default test -->
