<?xml version="1.0" encoding="UTF-8"?>
<testng-results ignored="0" total="4" passed="4" failed="0" skipped="0">
  <reporter-output>
  </reporter-output>
  <suite started-at="2020-07-07T22:28:53 IST" name="Default suite" finished-at="2020-07-07T22:28:53 IST" duration-ms="171">
    <groups>
    </groups>
    <test started-at="2020-07-07T22:28:53 IST" name="Default test" finished-at="2020-07-07T22:28:53 IST" duration-ms="171">
      <class name="com.qa.test.DemoTest">
        <test-method signature="div()[pri:0, instance:com.qa.test.DemoTest@7d3a22a9]" started-at="2020-07-07T22:28:53 IST" name="div" finished-at="2020-07-07T22:28:53 IST" duration-ms="26" status="PASS">
          <reporter-output>
          </reporter-output>
        </test-method> <!-- div -->
        <test-method signature="mul()[pri:0, instance:com.qa.test.DemoTest@7d3a22a9]" started-at="2020-07-07T22:28:53 IST" name="mul" finished-at="2020-07-07T22:28:53 IST" duration-ms="2" status="PASS">
          <reporter-output>
          </reporter-output>
        </test-method> <!-- mul -->
        <test-method signature="sub()[pri:0, instance:com.qa.test.DemoTest@7d3a22a9]" started-at="2020-07-07T22:28:53 IST" name="sub" finished-at="2020-07-07T22:28:53 IST" duration-ms="4" status="PASS">
          <reporter-output>
          </reporter-output>
        </test-method> <!-- sub -->
        <test-method signature="sum()[pri:0, instance:com.qa.test.DemoTest@7d3a22a9]" started-at="2020-07-07T22:28:53 IST" name="sum" finished-at="2020-07-07T22:28:53 IST" duration-ms="3" status="PASS">
          <reporter-output>
          </reporter-output>
        </test-method> <!-- sum -->
      </class> <!-- com.qa.test.DemoTest -->
    </test> <!-- Default test -->
  </suite> <!-- Default suite -->
</testng-results>
